[1505577600] LOG ROTATION: DAILY
[1505577600] LOG VERSION: 2.0
[1505577600] CURRENT HOST STATE: localhost;UP;HARD;1;PING OK - Packet loss = 0%, RTA = 0.05 ms
[1505577600] CURRENT SERVICE STATE: localhost;Current Load;OK;HARD;1;OK - load average: 0.00, 0.29, 0.86
[1505577600] CURRENT SERVICE STATE: localhost;Current Users;OK;HARD;1;USERS OK - 1 users currently logged in
[1505577600] CURRENT SERVICE STATE: localhost;HTTP;OK;HARD;1;HTTP OK: HTTP/1.1 200 OK - 269 bytes in 0.001 second response time
[1505577600] CURRENT SERVICE STATE: localhost;PING;OK;HARD;1;PING OK - Packet loss = 0%, RTA = 0.05 ms
[1505577600] CURRENT SERVICE STATE: localhost;Root Partition;OK;HARD;1;DISK OK - free space: / 41337 MB (89.51% inode=100%):
[1505577600] CURRENT SERVICE STATE: localhost;SSH;CRITICAL;HARD;4;connect to address 127.0.0.1 and port 22: Connection refused
[1505577600] CURRENT SERVICE STATE: localhost;Swap Usage;OK;HARD;1;SWAP OK - 100% free (3967 MB out of 3967 MB)
[1505577600] CURRENT SERVICE STATE: localhost;Total Processes;OK;HARD;1;PROCS OK: 58 processes with STATE = RSZDT
[1505580360] Auto-save of retention data completed successfully.
[1505583960] Auto-save of retention data completed successfully.
[1505587560] Auto-save of retention data completed successfully.
[1505591160] Auto-save of retention data completed successfully.
[1505594760] Auto-save of retention data completed successfully.
[1505598360] Auto-save of retention data completed successfully.
[1505601960] Auto-save of retention data completed successfully.
[1505605560] Auto-save of retention data completed successfully.
[1505609160] Auto-save of retention data completed successfully.
[1505612760] Auto-save of retention data completed successfully.
[1505616360] Auto-save of retention data completed successfully.
[1505619960] Auto-save of retention data completed successfully.
[1505623560] Auto-save of retention data completed successfully.
[1505627160] Auto-save of retention data completed successfully.
[1505630760] Auto-save of retention data completed successfully.
[1505634360] Auto-save of retention data completed successfully.
[1505637960] Auto-save of retention data completed successfully.
[1505641560] Auto-save of retention data completed successfully.
[1505645160] Auto-save of retention data completed successfully.
[1505648760] Auto-save of retention data completed successfully.
[1505652360] Auto-save of retention data completed successfully.
[1505655960] Auto-save of retention data completed successfully.
[1505659560] Auto-save of retention data completed successfully.
[1505663160] Auto-save of retention data completed successfully.
